/Users/ollieford/Development/Active Projects/Issy-face-generator/Flask_API
/Users/ollieford/Development/Active Projects/Issy-face-generator/Flask_API/uploads/
saving /Users/ollieford/Development/Active Projects/Issy-face-generator/Flask_API/uploads/af02-outputs.png
/Users/ollieford/Development/Active Projects/Issy-face-generator/Flask_API
/Users/ollieford/Development/Active Projects/Issy-face-generator/Flask_API/uploads/
saving /Users/ollieford/Development/Active Projects/Issy-face-generator/Flask_API/uploads/af02-outputs_2.png
Exception on / [POST]
Traceback (most recent call last):
  File "//anaconda/lib/python3.5/site-packages/flask/app.py", line 1988, in wsgi_app
    response = self.full_dispatch_request()
  File "//anaconda/lib/python3.5/site-packages/flask/app.py", line 1642, in full_dispatch_request
    response = self.make_response(rv)
  File "//anaconda/lib/python3.5/site-packages/flask/app.py", line 1731, in make_response
    raise ValueError('View function did not return a response')
ValueError: View function did not return a response
/Users/ollieford/Development/Active Projects/Issy-face-generator/Flask_API
/Users/ollieford/Development/Active Projects/Issy-face-generator/Flask_API/uploads/
saving /Users/ollieford/Development/Active Projects/Issy-face-generator/Flask_API/uploads/af02-outputs_2.png
Exception on / [POST]
Traceback (most recent call last):
  File "//anaconda/lib/python3.5/site-packages/flask/app.py", line 1988, in wsgi_app
    response = self.full_dispatch_request()
  File "//anaconda/lib/python3.5/site-packages/flask/app.py", line 1642, in full_dispatch_request
    response = self.make_response(rv)
  File "//anaconda/lib/python3.5/site-packages/flask/app.py", line 1731, in make_response
    raise ValueError('View function did not return a response')
ValueError: View function did not return a response
/Users/ollieford/Development/Active Projects/Issy-face-generator/Flask_API
/Users/ollieford/Development/Active Projects/Issy-face-generator/Flask_API/uploads/
saving /Users/ollieford/Development/Active Projects/Issy-face-generator/Flask_API/uploads/af02-outputs_2.png
/Users/ollieford/Development/Active Projects/Issy-face-generator/Flask_API
/Users/ollieford/Development/Active Projects/Issy-face-generator/Flask_API
/Users/ollieford/Development/Active Projects/Issy-face-generator/Flask_API
/Users/ollieford/Development/Active Projects/Issy-face-generator/Flask_API
/Users/ollieford/Development/Active Projects/Issy-face-generator/Flask_API/uploads/
saving /Users/ollieford/Development/Active Projects/Issy-face-generator/Flask_API/uploads/netart.png
/Users/ollieford/Development/Active Projects/Issy-face-generator/Flask_API
/Users/ollieford/Development/Active Projects/Issy-face-generator/Flask_API/uploads/
saving /Users/ollieford/Development/Active Projects/Issy-face-generator/Flask_API/uploads/netart.png
/Users/ollieford/Development/Active Projects/Issy-face-generator/Flask_API
/Users/ollieford/Development/Active Projects/Issy-face-generator/Flask_API/uploads/
saving /Users/ollieford/Development/Active Projects/Issy-face-generator/Flask_API/uploads/af02-outputs_2.png
/Users/ollieford/Development/Active Projects/Issy-face-generator/Flask_API
/Users/ollieford/Development/Active Projects/Issy-face-generator/Flask_API/uploads/
saving /Users/ollieford/Development/Active Projects/Issy-face-generator/Flask_API/uploads/IMG_2881.JPG
/Users/ollieford/Development/Active Projects/Issy-face-generator/Flask_API
/Users/ollieford/Development/Active Projects/Issy-face-generator/Flask_API/uploads/
saving /Users/ollieford/Development/Active Projects/Issy-face-generator/Flask_API/uploads/netart.png
Exception on / [POST]
Traceback (most recent call last):
  File "//anaconda/lib/python3.5/site-packages/flask/app.py", line 1988, in wsgi_app
    response = self.full_dispatch_request()
  File "//anaconda/lib/python3.5/site-packages/flask/app.py", line 1641, in full_dispatch_request
    rv = self.handle_user_exception(e)
  File "//anaconda/lib/python3.5/site-packages/flask/app.py", line 1544, in handle_user_exception
    reraise(exc_type, exc_value, tb)
  File "//anaconda/lib/python3.5/site-packages/flask/_compat.py", line 33, in reraise
    raise value
  File "//anaconda/lib/python3.5/site-packages/flask/app.py", line 1639, in full_dispatch_request
    rv = self.dispatch_request()
  File "//anaconda/lib/python3.5/site-packages/flask/app.py", line 1625, in dispatch_request
    return self.view_functions[rule.endpoint](**req.view_args)
  File "app.py", line 35, in api_root
    process.process_image(img)
  File "/Users/ollieford/Development/Active Projects/Issy-face-generator/Flask_API/process.py", line 10, in process_image
    im = Image.open(image)
  File "//anaconda/lib/python3.5/site-packages/PIL/ImageOps.py", line 284, in fit
    if bleed > 0.49999 or bleed < 0.0:
TypeError: unorderable types: tuple() > float()
/Users/ollieford/Development/Active Projects/Issy-face-generator/Flask_API
/Users/ollieford/Development/Active Projects/Issy-face-generator/Flask_API/uploads/
saving /Users/ollieford/Development/Active Projects/Issy-face-generator/Flask_API/uploads/IMG_2881.JPG
Exception on / [POST]
Traceback (most recent call last):
  File "//anaconda/lib/python3.5/site-packages/flask/app.py", line 1988, in wsgi_app
    response = self.full_dispatch_request()
  File "//anaconda/lib/python3.5/site-packages/flask/app.py", line 1641, in full_dispatch_request
    rv = self.handle_user_exception(e)
  File "//anaconda/lib/python3.5/site-packages/flask/app.py", line 1544, in handle_user_exception
    reraise(exc_type, exc_value, tb)
  File "//anaconda/lib/python3.5/site-packages/flask/_compat.py", line 33, in reraise
    raise value
  File "//anaconda/lib/python3.5/site-packages/flask/app.py", line 1639, in full_dispatch_request
    rv = self.dispatch_request()
  File "//anaconda/lib/python3.5/site-packages/flask/app.py", line 1625, in dispatch_request
    return self.view_functions[rule.endpoint](**req.view_args)
  File "app.py", line 35, in api_root
    process.process_image(img)
  File "/Users/ollieford/Development/Active Projects/Issy-face-generator/Flask_API/process.py", line 10, in process_image
    im = Image.open(image)
  File "//anaconda/lib/python3.5/site-packages/PIL/ImageOps.py", line 284, in fit
    if bleed > 0.49999 or bleed < 0.0:
TypeError: unorderable types: tuple() > float()
/Users/ollieford/Development/Active Projects/Issy-face-generator/Flask_API
/Users/ollieford/Development/Active Projects/Issy-face-generator/Flask_API/uploads/
saving /Users/ollieford/Development/Active Projects/Issy-face-generator/Flask_API/uploads/IMG_2881_1.JPG
Exception on / [POST]
Traceback (most recent call last):
  File "//anaconda/lib/python3.5/site-packages/flask/app.py", line 1988, in wsgi_app
    response = self.full_dispatch_request()
  File "//anaconda/lib/python3.5/site-packages/flask/app.py", line 1641, in full_dispatch_request
    rv = self.handle_user_exception(e)
  File "//anaconda/lib/python3.5/site-packages/flask/app.py", line 1544, in handle_user_exception
    reraise(exc_type, exc_value, tb)
  File "//anaconda/lib/python3.5/site-packages/flask/_compat.py", line 33, in reraise
    raise value
  File "//anaconda/lib/python3.5/site-packages/flask/app.py", line 1639, in full_dispatch_request
    rv = self.dispatch_request()
  File "//anaconda/lib/python3.5/site-packages/flask/app.py", line 1625, in dispatch_request
    return self.view_functions[rule.endpoint](**req.view_args)
  File "app.py", line 35, in api_root
    process.process_image(img)
  File "/Users/ollieford/Development/Active Projects/Issy-face-generator/Flask_API/process.py", line 10, in process_image
    im = Image.open(image)
  File "//anaconda/lib/python3.5/site-packages/PIL/ImageOps.py", line 284, in fit
    if bleed > 0.49999 or bleed < 0.0:
TypeError: unorderable types: tuple() > float()
/Users/ollieford/Development/Active Projects/Issy-face-generator/Flask_API
/Users/ollieford/Development/Active Projects/Issy-face-generator/Flask_API/uploads/
saving /Users/ollieford/Development/Active Projects/Issy-face-generator/Flask_API/uploads/Elle_Ford_Frans_Andringa_Boukje_vd_Werff.jpeg
/Users/ollieford/Development/Active Projects/Issy-face-generator/Flask_API
/Users/ollieford/Development/Active Projects/Issy-face-generator/Flask_API/uploads/
saving /Users/ollieford/Development/Active Projects/Issy-face-generator/Flask_API/uploads/IMG_2881.JPG
/Users/ollieford/Development/Active Projects/Issy-face-generator/Flask_API
/Users/ollieford/Development/Active Projects/Issy-face-generator/Flask_API/uploads/
saving /Users/ollieford/Development/Active Projects/Issy-face-generator/Flask_API/uploads/netart_2.png
/Users/ollieford/Development/Active Projects/Issy-face-generator/Flask_API
/Users/ollieford/Development/Active Projects/Issy-face-generator/Flask_API/uploads/
saving /Users/ollieford/Development/Active Projects/Issy-face-generator/Flask_API/uploads/IMG_2881_1.JPG
/Users/ollieford/Development/Active Projects/Issy-face-generator/Flask_API
/Users/ollieford/Development/Active Projects/Issy-face-generator/Flask_API/uploads/
saving /Users/ollieford/Development/Active Projects/Issy-face-generator/Flask_API/uploads/IMG_2881_1.JPG
/Users/ollieford/Development/Active Projects/Issy-face-generator/Flask_API
/Users/ollieford/Development/Active Projects/Issy-face-generator/Flask_API/uploads/
saving /Users/ollieford/Development/Active Projects/Issy-face-generator/Flask_API/uploads/Elle_Ford_Frans_Andringa_Boukje_vd_Werff.jpeg
/Users/ollieford/Development/Active Projects/Issy-face-generator/Flask_API
/Users/ollieford/Development/Active Projects/Issy-face-generator/Flask_API/uploads/
saving /Users/ollieford/Development/Active Projects/Issy-face-generator/Flask_API/uploads/Ollie.JPG
/Users/ollieford/Development/Active Projects/Issy-face-generator/Flask_API
/Users/ollieford/Development/Active Projects/Issy-face-generator/Flask_API/uploads/
saving /Users/ollieford/Development/Active Projects/Issy-face-generator/Flask_API/uploads/Elle_Ford_Frans_Andringa_Boukje_vd_Werff.jpeg
/Users/ollieford/Development/Active Projects/Issy-face-generator/Flask_API
/Users/ollieford/Development/Active Projects/Issy-face-generator/Flask_API/uploads/
saving /Users/ollieford/Development/Active Projects/Issy-face-generator/Flask_API/uploads/smaller-2017-01-26T11-33-08.746Z.jpeg
/Users/ollieford/Development/Active Projects/Issy-face-generator/Flask_API
/Users/ollieford/Development/Active Projects/Issy-face-generator/Flask_API/uploads/
saving /Users/ollieford/Development/Active Projects/Issy-face-generator/Flask_API/uploads/Ollie23.JPG
/Users/ollieford/Development/Active Projects/Issy-face-generator/Flask_API
/Users/ollieford/Development/Active Projects/Issy-face-generator/Flask_API/uploads/
saving /Users/ollieford/Development/Active Projects/Issy-face-generator/Flask_API/uploads/Ollie23.JPG
/Users/ollieford/Development/Active Projects/Issy-face-generator/Flask_API
/Users/ollieford/Development/Active Projects/Issy-face-generator/Flask_API/uploads/
saving /Users/ollieford/Development/Active Projects/Issy-face-generator/Flask_API/uploads/Ollie23.JPG
/Users/ollieford/Development/Active Projects/Issy-face-generator/Flask_API
/Users/ollieford/Development/Active Projects/Issy-face-generator/Flask_API/uploads/
saving /Users/ollieford/Development/Active Projects/Issy-face-generator/Flask_API/uploads/netart_1.png
/Users/ollieford/Development/Active Projects/Issy-face-generator/Flask_API
/Users/ollieford/Development/Active Projects/Issy-face-generator/Flask_API/uploads/
saving /Users/ollieford/Development/Active Projects/Issy-face-generator/Flask_API/uploads/netart_1.png
/Users/ollieford/Development/Active Projects/Issy-face-generator/Flask_API
/Users/ollieford/Development/Active Projects/Issy-face-generator/Flask_API/uploads/
saving /Users/ollieford/Development/Active Projects/Issy-face-generator/Flask_API/uploads/netart_1.png
/Users/ollieford/Development/Active Projects/Issy-face-generator/Flask_API
/Users/ollieford/Development/Active Projects/Issy-face-generator/Flask_API/uploads/
saving /Users/ollieford/Development/Active Projects/Issy-face-generator/Flask_API/uploads/Ollie23.JPG
/Users/ollieford/Development/Active Projects/Issy-face-generator/Flask_API
/Users/ollieford/Development/Active Projects/Issy-face-generator/Flask_API/uploads/
saving /Users/ollieford/Development/Active Projects/Issy-face-generator/Flask_API/uploads/af02-outputs_2.png
/Users/ollieford/Development/Active Projects/Issy-face-generator/Flask_API
/Users/ollieford/Development/Active Projects/Issy-face-generator/Flask_API/uploads/
saving /Users/ollieford/Development/Active Projects/Issy-face-generator/Flask_API/uploads/Ollie23.JPG
/Users/ollieford/Development/Active Projects/Issy-face-generator/Flask_API
/Users/ollieford/Development/Active Projects/Issy-face-generator/Flask_API/uploads/
saving /Users/ollieford/Development/Active Projects/Issy-face-generator/Flask_API/uploads/netart_2.png
/Users/ollieford/Development/Active Projects/Issy-face-generator/Flask_API
/Users/ollieford/Development/Active Projects/Issy-face-generator/Flask_API/uploads/
saving /Users/ollieford/Development/Active Projects/Issy-face-generator/Flask_API/uploads/Ollie23.JPG
/Users/ollieford/Development/Active Projects/Issy-face-generator/Flask_API
/Users/ollieford/Development/Active Projects/Issy-face-generator/Flask_API/uploads/
saving /Users/ollieford/Development/Active Projects/Issy-face-generator/Flask_API/uploads/af02-outputs_1.png
/Users/ollieford/Development/Active Projects/Issy-face-generator/Flask_API
/Users/ollieford/Development/Active Projects/Issy-face-generator/Flask_API/uploads/
saving /Users/ollieford/Development/Active Projects/Issy-face-generator/Flask_API/uploads/af02-outputs_1.png
/Users/ollieford/Development/Active Projects/Issy-face-generator/Flask_API
/Users/ollieford/Development/Active Projects/Issy-face-generator/Flask_API/uploads/
saving /Users/ollieford/Development/Active Projects/Issy-face-generator/Flask_API/uploads/af01-outputs.png
/Users/ollieford/Development/Active Projects/Issy-face-generator/Flask_API
/Users/ollieford/Development/Active Projects/Issy-face-generator/Flask_API/uploads/
saving /Users/ollieford/Development/Active Projects/Issy-face-generator/Flask_API/uploads/5-outputs_1.png
/Users/ollieford/Development/Active Projects/Issy-face-generator/Flask_API
/Users/ollieford/Development/Active Projects/Issy-face-generator/Flask_API/uploads/
saving /Users/ollieford/Development/Active Projects/Issy-face-generator/Flask_API/uploads/Ollie23.JPG
/Users/ollieford/Development/Active Projects/Issy-face-generator/Flask_API
/Users/ollieford/Development/Active Projects/Issy-face-generator/Flask_API/uploads/
saving /Users/ollieford/Development/Active Projects/Issy-face-generator/Flask_API/uploads/af02-outputs_2.png
/Users/ollieford/Development/Active Projects/Issy-face-generator/Flask_API
/Users/ollieford/Development/Active Projects/Issy-face-generator/Flask_API/uploads/
saving /Users/ollieford/Development/Active Projects/Issy-face-generator/Flask_API/uploads/af02-outputs_2.png
/Users/ollieford/Development/Active Projects/Issy-face-generator/Flask_API
/Users/ollieford/Development/Active Projects/Issy-face-generator/Flask_API/uploads/
saving /Users/ollieford/Development/Active Projects/Issy-face-generator/Flask_API/uploads/Ollie23.JPG
/Users/ollieford/Development/Active Projects/Issy-face-generator/Flask_API
/Users/ollieford/Development/Active Projects/Issy-face-generator/Flask_API/uploads/
saving /Users/ollieford/Development/Active Projects/Issy-face-generator/Flask_API/uploads/Ollie23.JPG
/Users/ollieford/Development/Active Projects/Issy-face-generator/Flask_API
/Users/ollieford/Development/Active Projects/Issy-face-generator/Flask_API/uploads/
saving /Users/ollieford/Development/Active Projects/Issy-face-generator/Flask_API/uploads/Ollie23.JPG
/Users/ollieford/Development/Active Projects/Issy-face-generator/Flask_API
/Users/ollieford/Development/Active Projects/Issy-face-generator/Flask_API/uploads/
saving /Users/ollieford/Development/Active Projects/Issy-face-generator/Flask_API/uploads/Ollie23.JPG
/Users/ollieford/Development/Active Projects/Issy-face-generator/Flask_API
/Users/ollieford/Development/Active Projects/Issy-face-generator/Flask_API/uploads/
saving /Users/ollieford/Development/Active Projects/Issy-face-generator/Flask_API/uploads/Ollie23.JPG
/Users/ollieford/Development/Active Projects/Issy-face-generator/Flask_API
/Users/ollieford/Development/Active Projects/Issy-face-generator/Flask_API/uploads/
saving /Users/ollieford/Development/Active Projects/Issy-face-generator/Flask_API/uploads/Ollie23.JPG
/Users/ollieford/Development/Active Projects/Issy-face-generator/Flask_API
/Users/ollieford/Development/Active Projects/Issy-face-generator/Flask_API/uploads/
saving /Users/ollieford/Development/Active Projects/Issy-face-generator/Flask_API/uploads/Ollie23.JPG
/Users/ollieford/Development/Active Projects/Issy-face-generator/Flask_API
/Users/ollieford/Development/Active Projects/Issy-face-generator/Flask_API/uploads/
saving /Users/ollieford/Development/Active Projects/Issy-face-generator/Flask_API/uploads/Ollie23.JPG
/Users/ollieford/Development/Active Projects/Issy-face-generator/Flask_API
/Users/ollieford/Development/Active Projects/Issy-face-generator/Flask_API/uploads/
saving /Users/ollieford/Development/Active Projects/Issy-face-generator/Flask_API/uploads/Ollie23.JPG
/Users/ollieford/Development/Active Projects/Issy-face-generator/Flask_API
/Users/ollieford/Development/Active Projects/Issy-face-generator/Flask_API/uploads/
saving /Users/ollieford/Development/Active Projects/Issy-face-generator/Flask_API/uploads/Ollie23.JPG
/Users/ollieford/Development/Active Projects/Issy-face-generator/Flask_API
/Users/ollieford/Development/Active Projects/Issy-face-generator/Flask_API/uploads/
saving /Users/ollieford/Development/Active Projects/Issy-face-generator/Flask_API/uploads/Ollie23.JPG
/Users/ollieford/Development/Active Projects/Issy-face-generator/Flask_API
/Users/ollieford/Development/Active Projects/Issy-face-generator/Flask_API
/Users/ollieford/Development/Active Projects/Issy-face-generator/Flask_API/uploads/
saving /Users/ollieford/Development/Active Projects/Issy-face-generator/Flask_API/uploads/Ollie23.JPG
/Users/ollieford/Development/Active Projects/Issy-face-generator/Flask_API
/Users/ollieford/Development/Active Projects/Issy-face-generator/Flask_API/uploads/
saving /Users/ollieford/Development/Active Projects/Issy-face-generator/Flask_API/uploads/Ollie23.JPG
/Users/ollieford/Development/Active Projects/Issy-face-generator/Flask_API
/Users/ollieford/Development/Active Projects/Issy-face-generator/Flask_API/uploads/
saving /Users/ollieford/Development/Active Projects/Issy-face-generator/Flask_API/uploads/Ollie23.JPG
/Users/ollieford/Development/Active Projects/Issy-face-generator/Flask_API
/Users/ollieford/Development/Active Projects/Issy-face-generator/Flask_API/uploads/
saving /Users/ollieford/Development/Active Projects/Issy-face-generator/Flask_API/uploads/Ollie23.JPG
/Users/ollieford/Development/Active Projects/Issy-face-generator/Flask_API
/Users/ollieford/Development/Active Projects/Issy-face-generator/Flask_API/uploads/
saving /Users/ollieford/Development/Active Projects/Issy-face-generator/Flask_API/uploads/Ollie23.JPG
/Users/ollieford/Development/Active Projects/Issy-face-generator/Flask_API
/Users/ollieford/Development/Active Projects/Issy-face-generator/Flask_API/uploads/
saving /Users/ollieford/Development/Active Projects/Issy-face-generator/Flask_API/uploads/Ollie23.JPG
/Users/ollieford/Development/Active Projects/Issy-face-generator/Flask_API
/Users/ollieford/Development/Active Projects/Issy-face-generator/Flask_API/uploads/
saving /Users/ollieford/Development/Active Projects/Issy-face-generator/Flask_API/uploads/Ollie23.JPG
/Users/ollieford/Development/Active Projects/Issy-face-generator/Flask_API
/Users/ollieford/Development/Active Projects/Issy-face-generator/Flask_API/uploads/
saving /Users/ollieford/Development/Active Projects/Issy-face-generator/Flask_API/uploads/netart_1.png
/Users/ollieford/Development/Active Projects/Issy-face-generator/Flask_API
/Users/ollieford/Development/Active Projects/Issy-face-generator/Flask_API/uploads/
saving /Users/ollieford/Development/Active Projects/Issy-face-generator/Flask_API/uploads/Ollie23.JPG
/Users/ollieford/Development/Active Projects/Issy-face-generator/Flask_API
/Users/ollieford/Development/Active Projects/Issy-face-generator/Flask_API/uploads/
saving /Users/ollieford/Development/Active Projects/Issy-face-generator/Flask_API/uploads/Ollie23.JPG
/Users/ollieford/Development/Active Projects/Issy-face-generator/Flask_API
/Users/ollieford/Development/Active Projects/Issy-face-generator/Flask_API/uploads/
saving /Users/ollieford/Development/Active Projects/Issy-face-generator/Flask_API/uploads/Ollie23.JPG
/Users/ollieford/Development/Active Projects/Issy-face-generator/Flask_API
/Users/ollieford/Development/Active Projects/Issy-face-generator/Flask_API/uploads/
saving /Users/ollieford/Development/Active Projects/Issy-face-generator/Flask_API/uploads/Ollie23.JPG
/Users/ollieford/Development/Active Projects/Issy-face-generator/Flask_API
/Users/ollieford/Development/Active Projects/Issy-face-generator/Flask_API/uploads/
saving /Users/ollieford/Development/Active Projects/Issy-face-generator/Flask_API/uploads/Ollie23.JPG
/Users/ollieford/Development/Active Projects/Issy-face-generator/Flask_API
/Users/ollieford/Development/Active Projects/Issy-face-generator/Flask_API/uploads/
saving /Users/ollieford/Development/Active Projects/Issy-face-generator/Flask_API/uploads/Ollie23.JPG
/Users/ollieford/Development/Active Projects/Issy-face-generator/Flask_API
/Users/ollieford/Development/Active Projects/Issy-face-generator/Flask_API/uploads/
saving /Users/ollieford/Development/Active Projects/Issy-face-generator/Flask_API/uploads/Ollie23.JPG
/Users/ollieford/Development/Active Projects/Issy-face-generator/Flask_API
/Users/ollieford/Development/Active Projects/Issy-face-generator/Flask_API/uploads/
saving /Users/ollieford/Development/Active Projects/Issy-face-generator/Flask_API/uploads/Ollie23.JPG
/Users/ollieford/Development/Active Projects/Issy-face-generator/Flask_API
/Users/ollieford/Development/Active Projects/Issy-face-generator/Flask_API/uploads/
saving /Users/ollieford/Development/Active Projects/Issy-face-generator/Flask_API/uploads/Ollie23.JPG
/Users/ollieford/Development/Active Projects/Issy-face-generator/Flask_API
/Users/ollieford/Development/Active Projects/Issy-face-generator/Flask_API/uploads/
saving /Users/ollieford/Development/Active Projects/Issy-face-generator/Flask_API/uploads/Ollie23.JPG
/Users/ollieford/Development/Active Projects/Issy-face-generator/Flask_API
/Users/ollieford/Development/Active Projects/Issy-face-generator/Flask_API/uploads/
saving /Users/ollieford/Development/Active Projects/Issy-face-generator/Flask_API/uploads/Ollie23.JPG
/Users/ollieford/Development/Active Projects/Issy-face-generator/Flask_API
/Users/ollieford/Development/Active Projects/Issy-face-generator/Flask_API/uploads/
saving /Users/ollieford/Development/Active Projects/Issy-face-generator/Flask_API/uploads/Ollie23.JPG
/Users/ollieford/Development/Active Projects/Issy-face-generator/Flask_API
/Users/ollieford/Development/Active Projects/Issy-face-generator/Flask_API/uploads/
saving /Users/ollieford/Development/Active Projects/Issy-face-generator/Flask_API/uploads/Ollie23.JPG
/Users/ollieford/Development/Active Projects/Issy-face-generator/Flask_API
/Users/ollieford/Development/Active Projects/Issy-face-generator/Flask_API/uploads/
saving /Users/ollieford/Development/Active Projects/Issy-face-generator/Flask_API/uploads/IMG_2881.JPG
/Users/ollieford/Development/Active Projects/Issy-face-generator/Flask_API
/Users/ollieford/Development/Active Projects/Issy-face-generator/Flask_API/uploads/
saving /Users/ollieford/Development/Active Projects/Issy-face-generator/Flask_API/uploads/af04.png
/Users/ollieford/Development/Active Projects/Issy-face-generator/Flask_API
/Users/ollieford/Development/Active Projects/Issy-face-generator/Flask_API/uploads/
saving /Users/ollieford/Development/Active Projects/Issy-face-generator/Flask_API/uploads/af04.png
/Users/ollieford/Development/Active Projects/Issy-face-generator/Flask_API
/Users/ollieford/Development/Active Projects/Issy-face-generator/Flask_API/uploads/
saving /Users/ollieford/Development/Active Projects/Issy-face-generator/Flask_API/uploads/af07.png
/Users/ollieford/Development/Active Projects/Issy-face-generator/Flask_API
/Users/ollieford/Development/Active Projects/Issy-face-generator/Flask_API
/Users/ollieford/Development/Active Projects/Issy-face-generator/Flask_API/uploads/
saving /Users/ollieford/Development/Active Projects/Issy-face-generator/Flask_API/uploads/af11.png
/Users/ollieford/Development/Active Projects/Issy-face-generator/Flask_API
/Users/ollieford/Development/Active Projects/Issy-face-generator/Flask_API/uploads/
saving /Users/ollieford/Development/Active Projects/Issy-face-generator/Flask_API/uploads/af09.png
/Users/ollieford/Development/Active Projects/Issy-face-generator/Flask_API
/Users/ollieford/Development/Active Projects/Issy-face-generator/Flask_API/uploads/
saving /Users/ollieford/Development/Active Projects/Issy-face-generator/Flask_API/uploads/af05.png
/Users/ollieford/Development/Active Projects/Issy-face-generator/Flask_API
/Users/ollieford/Development/Active Projects/Issy-face-generator/Flask_API/uploads/
saving /Users/ollieford/Development/Active Projects/Issy-face-generator/Flask_API/uploads/wm10.png
/Users/ollieford/Development/Active Projects/Issy-face-generator/Flask_API
/Users/ollieford/Development/Active Projects/Issy-face-generator/Flask_API/uploads/
saving /Users/ollieford/Development/Active Projects/Issy-face-generator/Flask_API/uploads/IMG_C3C43FF9C0DD-1.jpeg
/Users/ollieford/Development/Active Projects/Issy-face-generator/Flask_API
/Users/ollieford/Development/Active Projects/Issy-face-generator/Flask_API/uploads/
saving /Users/ollieford/Development/Active Projects/Issy-face-generator/Flask_API/uploads/IMG_C3C43FF9C0DD-1.jpeg
/Users/ollieford/Development/Active Projects/Issy-face-generator/Flask_API
/Users/ollieford/Development/Active Projects/Issy-face-generator/Flask_API/uploads/
/Users/ollieford/Development/Active Projects/Issy-face-generator/Flask_API
/Users/ollieford/Development/Active Projects/Issy-face-generator/Flask_API/uploads/
/Users/ollieford/Development/Active Projects/Issy-face-generator/Flask_API
/Users/ollieford/Development/Active Projects/Issy-face-generator/Flask_API/uploads/
/Users/ollieford/Development/Active Projects/Issy-face-generator/Flask_API
/Users/ollieford/Development/Active Projects/Issy-face-generator/Flask_API/uploads/
/Users/ollieford/Development/Active Projects/Issy-face-generator/Flask_API
/Users/ollieford/Development/Active Projects/Issy-face-generator/Flask_API/uploads/
/Users/ollieford/Development/Active Projects/Issy-face-generator/Flask_API
/Users/ollieford/Development/Active Projects/Issy-face-generator/Flask_API/uploads/
/Users/ollieford/Development/Active Projects/Issy-face-generator/Flask_API
/Users/ollieford/Development/Active Projects/Issy-face-generator/Flask_API/uploads/
/Users/ollieford/Development/Active Projects/Issy-face-generator/Flask_API
/Users/ollieford/Development/Active Projects/Issy-face-generator/Flask_API/uploads/
/Users/ollieford/Development/Active Projects/Issy-face-generator/Flask_API
/Users/ollieford/Development/Active Projects/Issy-face-generator/Flask_API/uploads/
/Users/ollieford/Development/Active Projects/Issy-face-generator/Flask_API
/Users/ollieford/Development/Active Projects/Issy-face-generator/Flask_API/uploads/
/Users/ollieford/Development/Active Projects/Issy-face-generator/Flask_API
/Users/ollieford/Development/Active Projects/Issy-face-generator/Flask_API/uploads/
/Users/ollieford/Development/Active Projects/Issy-face-generator/Flask_API
/Users/ollieford/Development/Active Projects/Issy-face-generator/Flask_API/uploads/
/Users/ollieford/Development/Active Projects/Issy-face-generator/Flask_API
/Users/ollieford/Development/Active Projects/Issy-face-generator/Flask_API/uploads/
/Users/ollieford/Development/Active Projects/Issy-face-generator/Flask_API
/Users/ollieford/Development/Active Projects/Issy-face-generator/Flask_API/uploads/
/Users/ollieford/Development/Active Projects/Issy-face-generator/Flask_API
/Users/ollieford/Development/Active Projects/Issy-face-generator/Flask_API/uploads/
/Users/ollieford/Development/Active Projects/Issy-face-generator/Flask_API
/Users/ollieford/Development/Active Projects/Issy-face-generator/Flask_API/uploads/
/Users/ollieford/Development/Active Projects/Issy-face-generator/Flask_API
/Users/ollieford/Development/Active Projects/Issy-face-generator/Flask_API/uploads/
/Users/ollieford/Development/Active Projects/Issy-face-generator/Flask_API
/Users/ollieford/Development/Active Projects/Issy-face-generator/Flask_API/uploads/
/Users/ollieford/Development/Active Projects/Issy-face-generator/Flask_API
/Users/ollieford/Development/Active Projects/Issy-face-generator/Flask_API/uploads/
/Users/ollieford/Development/Active Projects/Issy-face-generator/Flask_API
/Users/ollieford/Development/Active Projects/Issy-face-generator/Flask_API/uploads/
/Users/ollieford/Development/Active Projects/Issy-face-generator/Flask_API
/Users/ollieford/Development/Active Projects/Issy-face-generator/Flask_API/uploads/
/Users/ollieford/Development/Active Projects/Issy-face-generator/Flask_API
/Users/ollieford/Development/Active Projects/Issy-face-generator/Flask_API/uploads/
/Users/ollieford/Development/Active Projects/Issy-face-generator/Flask_API
/Users/ollieford/Development/Active Projects/Issy-face-generator/Flask_API/uploads/
/Users/ollieford/Development/Active Projects/Issy-face-generator/Flask_API
/Users/ollieford/Development/Active Projects/Issy-face-generator/Flask_API/uploads/
/Users/ollieford/Development/Active Projects/Issy-face-generator/Flask_API
/Users/ollieford/Development/Active Projects/Issy-face-generator/Flask_API/uploads/
/Users/ollieford/Development/Active Projects/Issy-face-generator/Flask_API
/Users/ollieford/Development/Active Projects/Issy-face-generator/Flask_API/uploads/
/Users/ollieford/Development/Active Projects/Issy-face-generator/Flask_API
/Users/ollieford/Development/Active Projects/Issy-face-generator/Flask_API/uploads/
/Users/ollieford/Development/Active Projects/Issy-face-generator/Flask_API
/Users/ollieford/Development/Active Projects/Issy-face-generator/Flask_API/uploads/
/Users/ollieford/Development/Active Projects/Issy-face-generator/Flask_API
/Users/ollieford/Development/Active Projects/Issy-face-generator/Flask_API/uploads/
/Users/ollieford/Development/Active Projects/Issy-face-generator/Flask_API
/Users/ollieford/Development/Active Projects/Issy-face-generator/Flask_API/uploads/
/Users/ollieford/Development/Active Projects/Issy-face-generator/Flask_API
/Users/ollieford/Development/Active Projects/Issy-face-generator/Flask_API/uploads/
/Users/ollieford/Development/Active Projects/Issy-face-generator/Flask_API
/Users/ollieford/Development/Active Projects/Issy-face-generator/Flask_API/uploads/
/Users/ollieford/Development/Active Projects/Issy-face-generator/Flask_API
/Users/ollieford/Development/Active Projects/Issy-face-generator/Flask_API/uploads/
/Users/ollieford/Development/Active Projects/Issy-face-generator/Flask_API
/Users/ollieford/Development/Active Projects/Issy-face-generator/Flask_API/uploads/
/Users/ollieford/Development/Active Projects/Issy-face-generator/Flask_API
/Users/ollieford/Development/Active Projects/Issy-face-generator/Flask_API/uploads/
/Users/ollieford/Development/Active Projects/Issy-face-generator/Flask_API
/Users/ollieford/Development/Active Projects/Issy-face-generator/Flask_API/uploads/
/Users/ollieford/Development/Active Projects/Issy-face-generator/Flask_API
/Users/ollieford/Development/Active Projects/Issy-face-generator/Flask_API/uploads/
/Users/ollieford/Development/Active Projects/Issy-face-generator/Flask_API
/Users/ollieford/Development/Active Projects/Issy-face-generator/Flask_API/uploads/
/Users/ollieford/Development/Active Projects/Issy-face-generator/Flask_API
/Users/ollieford/Development/Active Projects/Issy-face-generator/Flask_API/uploads/
/Users/ollieford/Development/Active Projects/Issy-face-generator/Flask_API
/Users/ollieford/Development/Active Projects/Issy-face-generator/Flask_API/uploads/
/Users/ollieford/Development/Active Projects/Issy-face-generator/Flask_API
/Users/ollieford/Development/Active Projects/Issy-face-generator/Flask_API/uploads/
/Users/ollieford/Development/Active Projects/Issy-face-generator/Flask_API
/Users/ollieford/Development/Active Projects/Issy-face-generator/Flask_API/uploads/
/Users/ollieford/Development/Active Projects/Issy-face-generator/Flask_API
/Users/ollieford/Development/Active Projects/Issy-face-generator/Flask_API/uploads/
/Users/ollieford/Development/Active Projects/Issy-face-generator/Flask_API
/Users/ollieford/Development/Active Projects/Issy-face-generator/Flask_API/uploads/
/Users/ollieford/Development/Active Projects/Issy-face-generator/Flask_API
/Users/ollieford/Development/Active Projects/Issy-face-generator/Flask_API/uploads/
/Users/ollieford/Development/Active Projects/Issy-face-generator/Flask_API
/Users/ollieford/Development/Active Projects/Issy-face-generator/Flask_API/uploads/
/Users/ollieford/Development/Active Projects/Issy-face-generator/Flask_API
/Users/ollieford/Development/Active Projects/Issy-face-generator/Flask_API/uploads/
/Users/ollieford/Development/Active Projects/Issy-face-generator/Flask_API
/Users/ollieford/Development/Active Projects/Issy-face-generator/Flask_API/uploads/
/Users/ollieford/Development/Active Projects/Issy-face-generator/Flask_API
/Users/ollieford/Development/Active Projects/Issy-face-generator/Flask_API
/Users/ollieford/Development/Active Projects/Issy-face-generator/Flask_API/uploads/
/Users/ollieford/Development/Active Projects/Issy-face-generator/Flask_API
/Users/ollieford/Development/Active Projects/Issy-face-generator/Flask_API/uploads/
/Users/ollieford/Development/Active Projects/Issy-face-generator/Flask_API
/Users/ollieford/Development/Active Projects/Issy-face-generator/Flask_API/uploads/
/Users/ollieford/Development/Active Projects/Issy-face-generator/Flask_API
/Users/ollieford/Development/Active Projects/Issy-face-generator/Flask_API/uploads/
/Users/ollieford/Development/Active Projects/Issy-face-generator/Flask_API
/Users/ollieford/Development/Active Projects/Issy-face-generator/Flask_API/uploads/
/Users/ollieford/Development/Active Projects/Issy-face-generator/Flask_API
/Users/ollieford/Development/Active Projects/Issy-face-generator/Flask_API
/Users/ollieford/Development/Active Projects/Issy-face-generator/Flask_API/uploads/
/Users/ollieford/Development/Active Projects/Issy-face-generator/Flask_API
/Users/ollieford/Development/Active Projects/Issy-face-generator/Flask_API/uploads/
/Users/ollieford/Development/Active Projects/Issy-face-generator/Flask_API
/Users/ollieford/Development/Active Projects/Issy-face-generator/Flask_API/uploads/
/Users/ollieford/Development/Active Projects/Issy-face-generator/Flask_API
/Users/ollieford/Development/Active Projects/Issy-face-generator/Flask_API/uploads/
/Users/ollieford/Development/Active Projects/Issy-face-generator/Flask_API
/Users/ollieford/Development/Active Projects/Issy-face-generator/Flask_API/uploads/
/Users/ollieford/Development/Active Projects/Issy-face-generator/Flask_API
/Users/ollieford/Development/Active Projects/Issy-face-generator/Flask_API/uploads/
/Users/ollieford/Development/Active Projects/Issy-face-generator/Flask_API
/Users/ollieford/Development/Active Projects/Issy-face-generator/Flask_API/uploads/
/Users/ollieford/Development/Active Projects/Issy-face-generator/Flask_API
/Users/ollieford/Development/Active Projects/Issy-face-generator/Flask_API
/Users/ollieford/Development/Active Projects/Issy-face-generator/Flask_API
/Users/ollieford/Development/Active Projects/Issy-face-generator/Flask_API
/Users/ollieford/Development/Active Projects/Issy-face-generator/Flask_API
/Users/ollieford/Development/Active Projects/Issy-face-generator/Flask_API
/Users/ollieford/Development/Active Projects/Issy-face-generator/Flask_API
/Users/ollieford/Development/Active Projects/Issy-face-generator/Flask_API
/Users/ollieford/Development/Active Projects/Issy-face-generator/Flask_API
/Users/ollieford/Development/Active Projects/Issy-face-generator/Flask_API
/Users/ollieford/Development/Active Projects/Issy-face-generator/Flask_API
/Users/ollieford/Development/Active Projects/Issy-face-generator/Flask_API
/Users/ollieford/Development/Active Projects/Issy-face-generator/Flask_API
/Users/ollieford/Development/Active Projects/Issy-face-generator/Flask_API
/Users/ollieford/Development/Active Projects/Issy-face-generator/Flask_API
/Users/ollieford/Development/Active Projects/Issy-face-generator/Flask_API
/Users/ollieford/Development/Active Projects/Issy-face-generator/Flask_API
/Users/ollieford/Development/Active Projects/Issy-face-generator/Flask_API
/Users/ollieford/Development/Active Projects/Issy-face-generator/Flask_API/uploads/
/Users/ollieford/Development/Active Projects/Issy-face-generator/Flask_API
/Users/ollieford/Development/Active Projects/Issy-face-generator/Flask_API/uploads/
/Users/ollieford/Development/Active Projects/Issy-face-generator/Flask_API
/Users/ollieford/Development/Active Projects/Issy-face-generator/Flask_API
/Users/ollieford/Development/Active Projects/Issy-face-generator/Flask_API/uploads/
/Users/ollieford/Development/Active Projects/Issy-face-generator/Flask_API
/Users/ollieford/Development/Active Projects/Issy-face-generator/Flask_API/uploads/
/Users/ollieford/Development/Active Projects/Issy-face-generator/Flask_API
/Users/ollieford/Development/Active Projects/Issy-face-generator/Flask_API/uploads/
/Users/ollieford/Development/Active Projects/Issy-face-generator/Flask_API
/Users/ollieford/Development/Active Projects/Issy-face-generator/Flask_API/uploads/
/Users/ollieford/Development/Active Projects/Issy-face-generator/Flask_API
/Users/ollieford/Development/Active Projects/Issy-face-generator/Flask_API/uploads/
/Users/ollieford/Development/Active Projects/Issy-face-generator/Flask_API
/Users/ollieford/Development/Active Projects/Issy-face-generator/Flask_API/uploads/
/Users/ollieford/Development/Active Projects/Issy-face-generator/Flask_API
/Users/ollieford/Development/Active Projects/Issy-face-generator/Flask_API/uploads/
/Users/ollieford/Development/Active Projects/Issy-face-generator/Flask_API
/Users/ollieford/Development/Active Projects/Issy-face-generator/Flask_API/uploads/
/Users/ollieford/Development/Active Projects/Issy-face-generator/Flask_API
/Users/ollieford/Development/Active Projects/Issy-face-generator/Flask_API/uploads/
/Users/ollieford/Development/Active Projects/Issy-face-generator/Flask_API
/Users/ollieford/Development/Active Projects/Issy-face-generator/Flask_API/uploads/
/Users/ollieford/Development/Active Projects/Issy-face-generator/Flask_API
/Users/ollieford/Development/Active Projects/Issy-face-generator/Flask_API/uploads/
/Users/ollieford/Development/Active Projects/Issy-face-generator/Flask_API
/Users/ollieford/Development/Active Projects/Issy-face-generator/Flask_API/uploads/
/Users/ollieford/Development/Active Projects/Issy-face-generator/Flask_API
/Users/ollieford/Development/Active Projects/Issy-face-generator/Flask_API/uploads/
/Users/ollieford/Development/Active Projects/Issy-face-generator/Flask_API
/Users/ollieford/Development/Active Projects/Issy-face-generator/Flask_API/uploads/
/Users/ollieford/Development/Active Projects/Issy-face-generator/Flask_API
/Users/ollieford/Development/Active Projects/Issy-face-generator/Flask_API/uploads/
/Users/ollieford/Development/Active Projects/Issy-face-generator/Flask_API
/Users/ollieford/Development/Active Projects/Issy-face-generator/Flask_API/uploads/
/Users/ollieford/Development/Active Projects/Issy-face-generator/Flask_API
/Users/ollieford/Development/Active Projects/Issy-face-generator/Flask_API/uploads/
/Users/ollieford/Development/Active Projects/Issy-face-generator/Flask_API
/Users/ollieford/Development/Active Projects/Issy-face-generator/Flask_API/uploads/
/Users/ollieford/Development/Active Projects/Issy-face-generator/Flask_API
/Users/ollieford/Development/Active Projects/Issy-face-generator/Flask_API/uploads/
/Users/ollieford/Development/Active Projects/Issy-face-generator/Flask_API
/Users/ollieford/Development/Active Projects/Issy-face-generator/Flask_API/uploads/
/Users/ollieford/Development/Active Projects/Issy-face-generator/Flask_API
/Users/ollieford/Development/Active Projects/Issy-face-generator/Flask_API/uploads/
/Users/ollieford/Development/Active Projects/Issy-face-generator/Flask_API
/Users/ollieford/Development/Active Projects/Issy-face-generator/Flask_API/uploads/
/Users/ollieford/Development/Active Projects/Issy-face-generator/Flask_API
/Users/ollieford/Development/Active Projects/Issy-face-generator/Flask_API/uploads/
/Users/ollieford/Development/Active Projects/Issy-face-generator/Flask_API
/Users/ollieford/Development/Active Projects/Issy-face-generator/Flask_API/uploads/
/Users/ollieford/Development/Active Projects/Issy-face-generator/Flask_API
/Users/ollieford/Development/Active Projects/Issy-face-generator/Flask_API/uploads/
/Users/ollieford/Development/Active Projects/Issy-face-generator/Flask_API
/Users/ollieford/Development/Active Projects/Issy-face-generator/Flask_API/uploads/
/Users/ollieford/Development/Active Projects/Issy-face-generator/Flask_API
/Users/ollieford/Development/Active Projects/Issy-face-generator/Flask_API/uploads/
/Users/ollieford/Development/Active Projects/Issy-face-generator/Flask_API
/Users/ollieford/Development/Active Projects/Issy-face-generator/Flask_API/uploads/
/Users/ollieford/Development/Active Projects/Issy-face-generator/Flask_API
/Users/ollieford/Development/Active Projects/Issy-face-generator/Flask_API/uploads/
/Users/ollieford/Development/Active Projects/Issy-face-generator/Flask_API
/Users/ollieford/Development/Active Projects/Issy-face-generator/Flask_API/uploads/
/Users/ollieford/Development/Active Projects/Issy-face-generator/Flask_API
/Users/ollieford/Development/Active Projects/Issy-face-generator/Flask_API/uploads/
/Users/ollieford/Development/Active Projects/Issy-face-generator/Flask_API
/Users/ollieford/Development/Active Projects/Issy-face-generator/Flask_API/uploads/
/Users/ollieford/Development/Active Projects/Issy-face-generator/Flask_API
/Users/ollieford/Development/Active Projects/Issy-face-generator/Flask_API/uploads/
/Users/ollieford/Development/Active Projects/Issy-face-generator/Flask_API
/Users/ollieford/Development/Active Projects/Issy-face-generator/Flask_API/uploads/
/Users/ollieford/Development/Active Projects/Issy-face-generator/Flask_API
/Users/ollieford/Development/Active Projects/Issy-face-generator/Flask_API/uploads/
/Users/ollieford/Development/Active Projects/Issy-face-generator/Flask_API
/Users/ollieford/Development/Active Projects/Issy-face-generator/Flask_API/uploads/
/Users/ollieford/Development/Active Projects/Issy-face-generator/Flask_API
/Users/ollieford/Development/Active Projects/Issy-face-generator/Flask_API/uploads/
/Users/ollieford/Development/Active Projects/Issy-face-generator/Flask_API
/Users/ollieford/Development/Active Projects/Issy-face-generator/Flask_API/uploads/
/Users/ollieford/Development/Active Projects/Issy-face-generator/Flask_API
/Users/ollieford/Development/Active Projects/Issy-face-generator/Flask_API/uploads/
/Users/ollieford/Development/Active Projects/Issy-face-generator/Flask_API
/Users/ollieford/Development/Active Projects/Issy-face-generator/Flask_API/uploads/
/Users/ollieford/Development/Active Projects/Issy-face-generator/Flask_API
/Users/ollieford/Development/Active Projects/Issy-face-generator/Flask_API/uploads/
/Users/ollieford/Development/Active Projects/Issy-face-generator/Flask_API
/Users/ollieford/Development/Active Projects/Issy-face-generator/Flask_API/uploads/
/Users/ollieford/Development/Active Projects/Issy-face-generator/Flask_API
/Users/ollieford/Development/Active Projects/Issy-face-generator/Flask_API/uploads/
/Users/ollieford/Development/Active Projects/Issy-face-generator/Flask_API
/Users/ollieford/Development/Active Projects/Issy-face-generator/Flask_API/uploads/
/Users/ollieford/Development/Active Projects/Issy-face-generator/Flask_API
/Users/ollieford/Development/Active Projects/Issy-face-generator/Flask_API/uploads/
/Users/ollieford/Development/Active Projects/Issy-face-generator/Flask_API
/Users/ollieford/Development/Active Projects/Issy-face-generator/Flask_API/uploads/
/Users/ollieford/Development/Active Projects/Issy-face-generator/Flask_API
/Users/ollieford/Development/Active Projects/Issy-face-generator/Flask_API/uploads/
/Users/ollieford/Development/Active Projects/Issy-face-generator/Flask_API
/Users/ollieford/Development/Active Projects/Issy-face-generator/Flask_API/uploads/
/Users/ollieford/Development/Active Projects/Issy-face-generator/Flask_API
/Users/ollieford/Development/Active Projects/Issy-face-generator/Flask_API/uploads/
/Users/ollieford/Development/Active Projects/Issy-face-generator/Flask_API
/Users/ollieford/Development/Active Projects/Issy-face-generator/Flask_API/uploads/
/Users/ollieford/Development/Active Projects/Issy-face-generator/Flask_API
/Users/ollieford/Development/Active Projects/Issy-face-generator/Flask_API/uploads/
/Users/ollieford/Development/Active Projects/Issy-face-generator/Flask_API
/Users/ollieford/Development/Active Projects/Issy-face-generator/Flask_API/uploads/
/Users/ollieford/Development/Active Projects/Issy-face-generator/Flask_API
/Users/ollieford/Development/Active Projects/Issy-face-generator/Flask_API/uploads/
/Users/ollieford/Development/Active Projects/Issy-face-generator/Flask_API
/Users/ollieford/Development/Active Projects/Issy-face-generator/Flask_API/uploads/
/Users/ollieford/Development/Active Projects/Issy-face-generator/Flask_API
/Users/ollieford/Development/Active Projects/Issy-face-generator/Flask_API/uploads/
/Users/ollieford/Development/Active Projects/Issy-face-generator/Flask_API
/Users/ollieford/Development/Active Projects/Issy-face-generator/Flask_API/uploads/
/Users/ollieford/Development/Active Projects/Issy-face-generator/Flask_API
/Users/ollieford/Development/Active Projects/Issy-face-generator/Flask_API/uploads/
/Users/ollieford/Development/Active Projects/Issy-face-generator/Flask_API
/Users/ollieford/Development/Active Projects/Issy-face-generator/Flask_API/uploads/
/Users/ollieford/Development/Active Projects/Issy-face-generator/Flask_API
/Users/ollieford/Development/Active Projects/Issy-face-generator/Flask_API/uploads/
/Users/ollieford/Development/Active Projects/Issy-face-generator/Flask_API
/Users/ollieford/Development/Active Projects/Issy-face-generator/Flask_API/uploads/
/Users/ollieford/Development/Active Projects/Issy-face-generator/Flask_API
/Users/ollieford/Development/Active Projects/Issy-face-generator/Flask_API/uploads/
/Users/ollieford/Development/Active Projects/Issy-face-generator/Flask_API
/Users/ollieford/Development/Active Projects/Issy-face-generator/Flask_API/uploads/
/Users/ollieford/Development/Active Projects/Issy-face-generator/Flask_API
/Users/ollieford/Development/Active Projects/Issy-face-generator/Flask_API/uploads/
/Users/ollieford/Development/Active Projects/Issy-face-generator/Flask_API
/Users/ollieford/Development/Active Projects/Issy-face-generator/Flask_API/uploads/
/Users/ollieford/Development/Active Projects/Issy-face-generator/Flask_API
/Users/ollieford/Development/Active Projects/Issy-face-generator/Flask_API/uploads/
/Users/ollieford/Development/Active Projects/Issy-face-generator/Flask_API
/Users/ollieford/Development/Active Projects/Issy-face-generator/Flask_API/uploads/
/Users/ollieford/Development/Active Projects/Issy-face-generator/Flask_API
/Users/ollieford/Development/Active Projects/Issy-face-generator/Flask_API/uploads/
/Users/ollieford/Development/Active Projects/Issy-face-generator/Flask_API
/Users/ollieford/Development/Active Projects/Issy-face-generator/Flask_API
/Users/ollieford/Development/Active Projects/Issy-face-generator/Flask_API/uploads/
/Users/ollieford/Development/Active Projects/Issy-face-generator/Flask_API
/Users/ollieford/Development/Active Projects/Issy-face-generator/Flask_API/uploads/
/Users/ollieford/Development/Active Projects/Issy-face-generator/Flask_API
/Users/ollieford/Development/Active Projects/Issy-face-generator/Flask_API/uploads/
/Users/ollieford/Development/Active Projects/Issy-face-generator/Flask_API
/Users/ollieford/Development/Active Projects/Issy-face-generator/Flask_API/uploads/
/Users/ollieford/Development/Active Projects/Issy-face-generator/Flask_API
/Users/ollieford/Development/Active Projects/Issy-face-generator/Flask_API/uploads/
/Users/ollieford/Development/Active Projects/Issy-face-generator/Flask_API
/Users/ollieford/Development/Active Projects/Issy-face-generator/Flask_API/uploads/
/Users/ollieford/Development/Active Projects/Issy-face-generator/Flask_API
/Users/ollieford/Development/Active Projects/Issy-face-generator/Flask_API/uploads/
/Users/ollieford/Development/Active Projects/Issy-face-generator/Flask_API
/Users/ollieford/Development/Active Projects/Issy-face-generator/Flask_API/uploads/
/Users/ollieford/Development/Active Projects/Issy-face-generator/Flask_API
/Users/ollieford/Development/Active Projects/Issy-face-generator/Flask_API/uploads/
/Users/ollieford/Development/Active Projects/Issy-face-generator/Flask_API
/Users/ollieford/Development/Active Projects/Issy-face-generator/Flask_API/uploads/
/Users/ollieford/Development/Active Projects/Issy-face-generator/Flask_API
/Users/ollieford/Development/Active Projects/Issy-face-generator/Flask_API/uploads/
/Users/ollieford/Development/Active Projects/Issy-face-generator/Flask_API
/Users/ollieford/Development/Active Projects/Issy-face-generator/Flask_API/uploads/
/Users/ollieford/Development/Active Projects/Issy-face-generator/Flask_API
/Users/ollieford/Development/Active Projects/Issy-face-generator/Flask_API/uploads/
/Users/ollieford/Development/Active Projects/Issy-face-generator/Flask_API
/Users/ollieford/Development/Active Projects/Issy-face-generator/Flask_API/uploads/
/Users/ollieford/Development/Active Projects/Issy-face-generator/Flask_API
/Users/ollieford/Development/Active Projects/Issy-face-generator/Flask_API/uploads/
/Users/ollieford/Development/Active Projects/Issy-face-generator/Flask_API
/Users/ollieford/Development/Active Projects/Issy-face-generator/Flask_API/uploads/
/Users/ollieford/Development/Active Projects/Issy-face-generator/Flask_API
/Users/ollieford/Development/Active Projects/Issy-face-generator/Flask_API/uploads/
/Users/ollieford/Development/Active Projects/Issy-face-generator/Flask_API
/Users/ollieford/Development/Active Projects/Issy-face-generator/Flask_API/uploads/
/Users/ollieford/Development/Active Projects/Issy-face-generator/Flask_API
/Users/ollieford/Development/Active Projects/Issy-face-generator/Flask_API/uploads/
/Users/ollieford/Development/Active Projects/Issy-face-generator/Flask_API
/Users/ollieford/Development/Active Projects/Issy-face-generator/Flask_API/uploads/
/Users/ollieford/Development/Active Projects/Issy-face-generator/Flask_API
/Users/ollieford/Development/Active Projects/Issy-face-generator/Flask_API/uploads/
/Users/ollieford/Development/Active Projects/Issy-face-generator/Flask_API
/Users/ollieford/Development/Active Projects/Issy-face-generator/Flask_API/uploads/
/Users/ollieford/Development/Active Projects/Issy-face-generator/Flask_API
/Users/ollieford/Development/Active Projects/Issy-face-generator/Flask_API/uploads/
/Users/ollieford/Development/Active Projects/Issy-face-generator/Flask_API
/Users/ollieford/Development/Active Projects/Issy-face-generator/Flask_API/uploads/
/Users/ollieford/Development/Active Projects/Issy-face-generator/Flask_API
/Users/ollieford/Development/Active Projects/Issy-face-generator/Flask_API/uploads/
/Users/ollieford/Development/Active Projects/Issy-face-generator/Flask_API
/Users/ollieford/Development/Active Projects/Issy-face-generator/Flask_API/uploads/
/Users/ollieford/Development/Active Projects/Issy-face-generator/Flask_API
/Users/ollieford/Development/Active Projects/Issy-face-generator/Flask_API
/Users/ollieford/Development/Active Projects/Issy-face-generator/Flask_API
/Users/ollieford/Development/Active Projects/Issy-face-generator/Flask_API
/Users/ollieford/Development/Active Projects/Issy-face-generator/Flask_API
/Users/ollieford/Development/Active Projects/Issy-face-generator/Flask_API
/Users/ollieford/Development/Active Projects/Issy-face-generator/Flask_API
/Users/ollieford/Development/Active Projects/Issy-face-generator/Flask_API/uploads/
/Users/ollieford/Development/Active Projects/Issy-face-generator/Flask_API
/Users/ollieford/Development/Active Projects/Issy-face-generator/Flask_API/uploads/
/Users/ollieford/Development/Active Projects/Issy-face-generator/Flask_API
/Users/ollieford/Development/Active Projects/Issy-face-generator/Flask_API/uploads/
/Users/ollieford/Development/Active Projects/Issy-face-generator/Flask_API
/Users/ollieford/Development/Active Projects/Issy-face-generator/Flask_API
/Users/ollieford/Development/Active Projects/Issy-face-generator/Flask_API
/Users/ollieford/Development/Active Projects/Issy-face-generator/Flask_API
/Users/ollieford/Development/Active Projects/Issy-face-generator/Flask_API/uploads/
/Users/ollieford/Development/Active Projects/Issy-face-generator/Flask_API
/Users/ollieford/Development/Active Projects/Issy-face-generator/Flask_API/uploads/
/Users/ollieford/Development/Active Projects/Issy-face-generator/Flask_API
/Users/ollieford/Development/Active Projects/Issy-face-generator/Flask_API/uploads/
/Users/ollieford/Development/Active Projects/Issy-face-generator/Flask_API
/Users/ollieford/Development/Active Projects/Issy-face-generator/Flask_API/uploads/
/Users/ollieford/Development/Active Projects/Issy-face-generator/Flask_API
/Users/ollieford/Development/Active Projects/Issy-face-generator/Flask_API/uploads/
/Users/ollieford/Development/Active Projects/Issy-face-generator/Flask_API
/Users/ollieford/Development/Active Projects/Issy-face-generator/Flask_API/uploads/
/Users/ollieford/Development/Active Projects/Issy-face-generator/Flask_API
/Users/ollieford/Development/Active Projects/Issy-face-generator/Flask_API/uploads/
/Users/ollieford/Development/Active Projects/Issy-face-generator/Flask_API
/Users/ollieford/Development/Active Projects/Issy-face-generator/Flask_API/uploads/
/Users/ollieford/Development/Active Projects/Issy-face-generator/Flask_API
/Users/ollieford/Development/Active Projects/Issy-face-generator/Flask_API/uploads/
/Users/ollieford/Development/Active Projects/Issy-face-generator/Flask_API
/Users/ollieford/Development/Active Projects/Issy-face-generator/Flask_API/uploads/
/Users/ollieford/Development/Active Projects/Issy-face-generator/Flask_API
/Users/ollieford/Development/Active Projects/Issy-face-generator/Flask_API/uploads/
/Users/ollieford/Development/Active Projects/Issy-face-generator/Flask_API
/Users/ollieford/Development/Active Projects/Issy-face-generator/Flask_API/uploads/
/Users/ollieford/Development/Active Projects/Issy-face-generator/Flask_API
/Users/ollieford/Development/Active Projects/Issy-face-generator/Flask_API/uploads/
/Users/ollieford/Development/Active Projects/Issy-face-generator/Flask_API
/Users/ollieford/Development/Active Projects/Issy-face-generator/Flask_API/uploads/
/Users/ollieford/Development/Active Projects/Issy-face-generator/Flask_API
/Users/ollieford/Development/Active Projects/Issy-face-generator/Flask_API/uploads/
/Users/ollieford/Development/Active Projects/Issy-face-generator/Flask_API
/Users/ollieford/Development/Active Projects/Issy-face-generator/Flask_API/uploads/
/Users/ollieford/Development/Active Projects/Issy-face-generator/Flask_API
/Users/ollieford/Development/Active Projects/Issy-face-generator/Flask_API/uploads/
/Users/ollieford/Development/Active Projects/Issy-face-generator/Flask_API
/Users/ollieford/Development/Active Projects/Issy-face-generator/Flask_API/uploads/
/Users/ollieford/Development/Active Projects/Issy-face-generator/Flask_API
/Users/ollieford/Development/Active Projects/Issy-face-generator/Flask_API/uploads/
/Users/ollieford/Development/Active Projects/Issy-face-generator/Flask_API
/Users/ollieford/Development/Active Projects/Issy-face-generator/Flask_API/uploads/
/Users/ollieford/Development/Active Projects/Issy-face-generator/Flask_API
/Users/ollieford/Development/Active Projects/Issy-face-generator/Flask_API/uploads/
/Users/ollieford/Development/Active Projects/Issy-face-generator/Flask_API
/Users/ollieford/Development/Active Projects/Issy-face-generator/Flask_API/uploads/
/Users/ollieford/Development/Active Projects/Issy-face-generator/Flask_API
/Users/ollieford/Development/Active Projects/Issy-face-generator/Flask_API/uploads/
/Users/ollieford/Development/Active Projects/Issy-face-generator/Flask_API
/Users/ollieford/Development/Active Projects/Issy-face-generator/Flask_API/uploads/
/Users/ollieford/Development/Active Projects/Issy-face-generator/Flask_API
/Users/ollieford/Development/Active Projects/Issy-face-generator/Flask_API/uploads/
/Users/ollieford/Development/Active Projects/Issy-face-generator/Flask_API
/Users/ollieford/Development/Active Projects/Issy-face-generator/Flask_API/uploads/
/Users/ollieford/Development/Active Projects/Issy-face-generator/Flask_API
/Users/ollieford/Development/Active Projects/Issy-face-generator/Flask_API/uploads/
/Users/ollieford/Development/Active Projects/Issy-face-generator/Flask_API
/Users/ollieford/Development/Active Projects/Issy-face-generator/Flask_API/uploads/
/Users/ollieford/Development/Active Projects/Issy-face-generator/Flask_API
/Users/ollieford/Development/Active Projects/Issy-face-generator/Flask_API/uploads/
/Users/ollieford/Development/Active Projects/Issy-face-generator/Flask_API
/Users/ollieford/Development/Active Projects/Issy-face-generator/Flask_API/uploads/
/Users/ollieford/Development/Active Projects/Issy-face-generator/Flask_API
/Users/ollieford/Development/Active Projects/Issy-face-generator/Flask_API/uploads/
/Users/ollieford/Development/Active Projects/Issy-face-generator/Flask_API
/Users/ollieford/Development/Active Projects/Issy-face-generator/Flask_API/uploads/
/Users/ollieford/Development/Active Projects/Issy-face-generator/Flask_API
/Users/ollieford/Development/Active Projects/Issy-face-generator/Flask_API/uploads/
/Users/ollieford/Development/Active Projects/Issy-face-generator/Flask_API
/Users/ollieford/Development/Active Projects/Issy-face-generator/Flask_API/uploads/
/Users/ollieford/Development/Active Projects/Issy-face-generator/Flask_API
/Users/ollieford/Development/Active Projects/Issy-face-generator/Flask_API/uploads/
/Users/ollieford/Development/Active Projects/Issy-face-generator/Flask_API
/Users/ollieford/Development/Active Projects/Issy-face-generator/Flask_API/uploads/
/Users/ollieford/Development/Active Projects/Issy-face-generator/Flask_API
/Users/ollieford/Development/Active Projects/Issy-face-generator/Flask_API/uploads/
/Users/ollieford/Development/Active Projects/Issy-face-generator/Flask_API
/Users/ollieford/Development/Active Projects/Issy-face-generator/Flask_API/uploads/
/Users/ollieford/Development/Active Projects/Issy-face-generator/Flask_API
/Users/ollieford/Development/Active Projects/Issy-face-generator/Flask_API/uploads/
/Users/ollieford/Development/Active Projects/Issy-face-generator/Flask_API
/Users/ollieford/Development/Active Projects/Issy-face-generator/Flask_API/uploads/
/Users/ollieford/Development/Active Projects/Issy-face-generator/Flask_API
/Users/ollieford/Development/Active Projects/Issy-face-generator/Flask_API/uploads/
/Users/ollieford/Development/Active Projects/Issy-face-generator/Flask_API
/Users/ollieford/Development/Active Projects/Issy-face-generator/Flask_API/uploads/
/Users/ollieford/Development/Active Projects/Issy-face-generator/Flask_API
/Users/ollieford/Development/Active Projects/Issy-face-generator/Flask_API/uploads/
/Users/ollieford/Development/Active Projects/Issy-face-generator/Flask_API
/Users/ollieford/Development/Active Projects/Issy-face-generator/Flask_API/uploads/
/Users/ollieford/Development/Active Projects/Issy-face-generator/Flask_API
/Users/ollieford/Development/Active Projects/Issy-face-generator/Flask_API/uploads/
/Users/ollieford/Development/Active Projects/Issy-face-generator/Flask_API
/Users/ollieford/Development/Active Projects/Issy-face-generator/Flask_API/uploads/
/Users/ollieford/Development/Active Projects/Issy-face-generator/Flask_API
/Users/ollieford/Development/Active Projects/Issy-face-generator/Flask_API/uploads/
/Users/ollieford/Development/Active Projects/Issy-face-generator/Flask_API
/Users/ollieford/Development/Active Projects/Issy-face-generator/Flask_API/uploads/
/Users/ollieford/Development/Active Projects/Issy-face-generator/Flask_API
/Users/ollieford/Development/Active Projects/Issy-face-generator/Flask_API/uploads/
/Users/ollieford/Development/Active Projects/Issy-face-generator/Flask_API
/Users/ollieford/Development/Active Projects/Issy-face-generator/Flask_API/uploads/
/Users/ollieford/Development/Active Projects/Issy-face-generator/Flask_API
/Users/ollieford/Development/Active Projects/Issy-face-generator/Flask_API/uploads/
/Users/ollieford/Development/Active Projects/Issy-face-generator/Flask_API
/Users/ollieford/Development/Active Projects/Issy-face-generator/Flask_API/uploads/
/Users/ollieford/Development/Active Projects/Issy-face-generator/Flask_API
/Users/ollieford/Development/Active Projects/Issy-face-generator/Flask_API/uploads/
/Users/ollieford/Development/Active Projects/Issy-face-generator/Flask_API
/Users/ollieford/Development/Active Projects/Issy-face-generator/Flask_API/uploads/
/Users/ollieford/Development/Active Projects/Issy-face-generator/Flask_API
/Users/ollieford/Development/Active Projects/Issy-face-generator/Flask_API/uploads/
/Users/ollieford/Development/Active Projects/Issy-face-generator/Flask_API
/Users/ollieford/Development/Active Projects/Issy-face-generator/Flask_API/uploads/
/Users/ollieford/Development/Active Projects/Issy-face-generator/Flask_API
/Users/ollieford/Development/Active Projects/Issy-face-generator/Flask_API/uploads/
/Users/ollieford/Development/Active Projects/Issy-face-generator/Flask_API
/Users/ollieford/Development/Active Projects/Issy-face-generator/Flask_API/uploads/
/Users/ollieford/Development/Active Projects/Issy-face-generator/Flask_API
/Users/ollieford/Development/Active Projects/Issy-face-generator/Flask_API/uploads/
/Users/ollieford/Development/Active Projects/Issy-face-generator/Flask_API
/Users/ollieford/Development/Active Projects/Issy-face-generator/Flask_API/uploads/
/Users/ollieford/Development/Active Projects/Issy-face-generator/Flask_API
/Users/ollieford/Development/Active Projects/Issy-face-generator/Flask_API/uploads/
/Users/ollieford/Development/Active Projects/Issy-face-generator/Flask_API
/Users/ollieford/Development/Active Projects/Issy-face-generator/Flask_API/uploads/
/Users/ollieford/Development/Active Projects/Issy-face-generator/Flask_API
/Users/ollieford/Development/Active Projects/Issy-face-generator/Flask_API/uploads/
/Users/ollieford/Development/Active Projects/Issy-face-generator/Flask_API
/Users/ollieford/Development/Active Projects/Issy-face-generator/Flask_API/uploads/
/Users/ollieford/Development/Active Projects/Issy-face-generator/Flask_API
/Users/ollieford/Development/Active Projects/Issy-face-generator/Flask_API/uploads/
/Users/ollieford/Development/Active Projects/Issy-face-generator/Flask_API
/Users/ollieford/Development/Active Projects/Issy-face-generator/Flask_API/uploads/
/Users/ollieford/Development/Active Projects/Issy-face-generator/Flask_API
/Users/ollieford/Development/Active Projects/Issy-face-generator/Flask_API/uploads/
/Users/ollieford/Development/Active Projects/Issy-face-generator/Flask_API
/Users/ollieford/Development/Active Projects/Issy-face-generator/Flask_API/uploads/
/Users/ollieford/Development/Active Projects/Issy-face-generator/Flask_API
/Users/ollieford/Development/Active Projects/Issy-face-generator/Flask_API/uploads/
/Users/ollieford/Development/Active Projects/Issy-face-generator/Make_Face
/Users/ollieford/Development/Active Projects/Issy-face-generator/Make_Face/uploads/
/Users/ollieford/Development/Active Projects/Issy-face-generator/Make_Face
/Users/ollieford/Development/Active Projects/Issy-face-generator/Make_Face/uploads/
/Users/ollieford/Development/Active Projects/Issy-face-generator/Make_Face
/Users/ollieford/Development/Active Projects/Issy-face-generator/Make_Face/uploads/
/Users/ollieford/Development/Active Projects/Issy-face-generator/Make_Face
/Users/ollieford/Development/Active Projects/Issy-face-generator/Make_Face/uploads/
/Users/ollieford/Development/Active Projects/Issy-face-generator/Make_Face
/Users/ollieford/Development/Active Projects/Issy-face-generator/Make_Face/uploads/
/Users/ollieford/Development/Active Projects/Issy-face-generator/Make_Face
/Users/ollieford/Development/Active Projects/Issy-face-generator/Make_Face/uploads/
/Users/ollieford/Development/Active Projects/Issy-face-generator/Make_Face
/Users/ollieford/Development/Active Projects/Issy-face-generator/Make_Face/uploads/
/Users/ollieford/Development/Active Projects/Issy-face-generator/Make_Face
/Users/ollieford/Development/Active Projects/Issy-face-generator/Make_Face/uploads/
/Users/ollieford/Development/Active Projects/Issy-face-generator/Make_Face
/Users/ollieford/Development/Active Projects/Issy-face-generator/Make_Face/uploads/
/Users/ollieford/Development/Active Projects/Issy-face-generator/Make_Face
/Users/ollieford/Development/Active Projects/Issy-face-generator/Make_Face/uploads/
/Users/ollieford/Development/Active Projects/Issy-face-generator/Make_Face
/Users/ollieford/Development/Active Projects/Issy-face-generator/Make_Face/uploads/
/Users/ollieford/Development/Active Projects/Issy-face-generator/Make_Face
/Users/ollieford/Development/Active Projects/Issy-face-generator/Make_Face/uploads/
/Users/ollieford/Development/Active Projects/Issy-face-generator/Make_Face
/Users/ollieford/Development/Active Projects/Issy-face-generator/Make_Face/uploads/
/Users/ollieford/Development/Active Projects/Issy-face-generator/Make_Face
/Users/ollieford/Development/Active Projects/Issy-face-generator/Make_Face/uploads/
/Users/ollieford/Development/Active Projects/Issy-face-generator/Make_Face
/Users/ollieford/Development/Active Projects/Issy-face-generator/Make_Face/uploads/
/Users/ollieford/Development/Active Projects/Issy-face-generator/Make_Face
/Users/ollieford/Development/Active Projects/Issy-face-generator/Make_Face/uploads/
/Users/ollieford/Development/Active Projects/Issy-face-generator/Make_Face
/Users/ollieford/Development/Active Projects/Issy-face-generator/Make_Face/uploads/
/Users/ollieford/Development/Active Projects/Issy-face-generator/Make_Face
/Users/ollieford/Development/Active Projects/Issy-face-generator/Make_Face/uploads/
/Users/ollieford/Development/Active Projects/Issy-face-generator/Make_Face
/Users/ollieford/Development/Active Projects/Issy-face-generator/Make_Face/uploads/
/Users/ollieford/Development/Active Projects/Issy-face-generator/Make_Face
/Users/ollieford/Development/Active Projects/Issy-face-generator/Make_Face/uploads/
/Users/ollieford/Development/Active Projects/Issy-face-generator/Make_Face
/Users/ollieford/Development/Active Projects/Issy-face-generator/Make_Face/uploads/
/Users/ollieford/Development/Active Projects/Issy-face-generator/Make_Face
/Users/ollieford/Development/Active Projects/Issy-face-generator/Make_Face/uploads/
